<?xml version="1.0" encoding="UTF-8"?>
<testng-results skipped="0" failed="0" total="1" passed="1">
  <reporter-output>
  </reporter-output>
  <suite name="Default suite" duration-ms="45789" started-at="2017-09-11T13:03:08Z" finished-at="2017-09-11T13:03:54Z">
    <groups>
    </groups>
    <test name="Default test" duration-ms="45789" started-at="2017-09-11T13:03:08Z" finished-at="2017-09-11T13:03:54Z">
      <class name="propertiesFile.PropertiesTest1">
        <test-method status="PASS" signature="SetUp()[pri:0, instance:propertiesFile.PropertiesTest1@5dfcfece]" name="SetUp" is-config="true" duration-ms="38548" started-at="2017-09-11T18:33:08Z" finished-at="2017-09-11T18:33:46Z">
          <reporter-output>
          </reporter-output>
        </test-method> <!-- SetUp -->
        <test-method status="PASS" signature="PropertiesLinksTest()[pri:0, instance:propertiesFile.PropertiesTest1@5dfcfece]" name="PropertiesLinksTest" duration-ms="7131" started-at="2017-09-11T18:33:46Z" finished-at="2017-09-11T18:33:54Z">
          <reporter-output>
          </reporter-output>
        </test-method> <!-- PropertiesLinksTest -->
        <test-method status="PASS" signature="TearDown()[pri:0, instance:propertiesFile.PropertiesTest1@5dfcfece]" name="TearDown" is-config="true" duration-ms="18" started-at="2017-09-11T18:33:54Z" finished-at="2017-09-11T18:33:54Z">
          <reporter-output>
          </reporter-output>
        </test-method> <!-- TearDown -->
      </class> <!-- propertiesFile.PropertiesTest1 -->
    </test> <!-- Default test -->
  </suite> <!-- Default suite -->
</testng-results>
